 I am #           1  - par_m5.2L8b4.25           8
 
 I am #           2  - par_m5.2L8b4.25           8
 
 I am #           4  - par_m5.2L8b4.25           8
 
 I am #           6  - par_m5.2L8b4.25           8
 I am #           9  - par_m5.2L8b4.5           8
 
 I am #          10  - par_m5.2L8b4.5           8
 
 I am #          11  - par_m5.2L8b4.5           8
 
 I am #          12  - par_m5.2L8b4.5           8
 
 I am #          13  - par_m5.2L8b4.5           8
 
 I am #          14  - par_m5.2L8b4.5           8
 
 I am #          15  - par_m5.2L8b4.5           8
 
 I am #           3  - par_m5.2L8b4.25           8
 
 I am #           5  - par_m5.2L8b4.25           8
 
 I am #           7  - par_m5.2L8b4.25           8
 
 
 I am #           0  - par_m5.2L8b4.25           8
 
 I am #           8  - par_m5.2L8b4.5           8
 
forrtl: severe (24): end-of-file during read, unit 1, file /home/eburovskiy/10yr_repro/10yr_repro_challenge_35/runs/m5.2L8/cnf_m5.2L8b4.25_5.dat
Image              PC                Routine            Line        Source             
a.i.out.mpi        000000000042E13B  Unknown               Unknown  Unknown
a.i.out.mpi        0000000000446F0F  Unknown               Unknown  Unknown
a.i.out.mpi        00000000004126AD  Unknown               Unknown  Unknown
a.i.out.mpi        000000000040C874  Unknown               Unknown  Unknown
a.i.out.mpi        0000000000405152  Unknown               Unknown  Unknown
libc-2.17.so       00007FDFFD195505  __libc_start_main     Unknown  Unknown
a.i.out.mpi        0000000000405069  Unknown               Unknown  Unknown
forrtl: severe (24): end-of-file during read, unit 1, file /home/eburovskiy/10yr_repro/10yr_repro_challenge_35/runs/m5.2L8/cnf_m5.2L8b4.25_6.dat
Image              PC                Routine            Line        Source             
a.i.out.mpi        000000000042E13B  Unknown               Unknown  Unknown
a.i.out.mpi        0000000000446F0F  Unknown               Unknown  Unknown
a.i.out.mpi        00000000004126AD  Unknown               Unknown  Unknown
a.i.out.mpi        000000000040C874  Unknown               Unknown  Unknown
a.i.out.mpi        0000000000405152  Unknown               Unknown  Unknown
libc-2.17.so       00007F3B6148F505  __libc_start_main     Unknown  Unknown
a.i.out.mpi        0000000000405069  Unknown               Unknown  Unknown
forrtl: severe (24): end-of-file during read, unit 1, file /home/eburovskiy/10yr_repro/10yr_repro_challenge_35/runs/m5.2L8/cnf_m5.2L8b4.25_1.dat
Image              PC                Routine            Line        Source             
a.i.out.mpi        000000000042E13B  Unknown               Unknown  Unknown
a.i.out.mpi        0000000000446F0F  Unknown               Unknown  Unknown
a.i.out.mpi        00000000004126AD  Unknown               Unknown  Unknown
a.i.out.mpi        000000000040C874  Unknown               Unknown  Unknown
a.i.out.mpi        0000000000405152  Unknown               Unknown  Unknown
libc-2.17.so       00007F3ADD0C5505  __libc_start_main     Unknown  Unknown
a.i.out.mpi        0000000000405069  Unknown               Unknown  Unknown
forrtl: severe (24): end-of-file during read, unit 1, file /home/eburovskiy/10yr_repro/10yr_repro_challenge_35/runs/m5.2L8/cnf_m5.2L8b4.25_2.dat
Image              PC                Routine            Line        Source             
a.i.out.mpi        000000000042E13B  Unknown               Unknown  Unknown
a.i.out.mpi        0000000000446F0F  Unknown               Unknown  Unknown
a.i.out.mpi        00000000004126AD  Unknown               Unknown  Unknown
a.i.out.mpi        000000000040C874  Unknown               Unknown  Unknown
a.i.out.mpi        0000000000405152  Unknown               Unknown  Unknown
libc-2.17.so       00007FBD5A659505  __libc_start_main     Unknown  Unknown
a.i.out.mpi        0000000000405069  Unknown               Unknown  Unknown
forrtl: severe (24): end-of-file during read, unit 1, file /home/eburovskiy/10yr_repro/10yr_repro_challenge_35/runs/m5.2L8/cnf_m5.2L8b4.25_3.dat
Image              PC                Routine            Line        Source             
a.i.out.mpi        000000000042E13B  Unknown               Unknown  Unknown
a.i.out.mpi        0000000000446F0F  Unknown               Unknown  Unknown
a.i.out.mpi        00000000004126AD  Unknown               Unknown  Unknown
a.i.out.mpi        000000000040C874  Unknown               Unknown  Unknown
a.i.out.mpi        0000000000405152  Unknown               Unknown  Unknown
libc-2.17.so       00007FA966201505  __libc_start_main     Unknown  Unknown
a.i.out.mpi        0000000000405069  Unknown               Unknown  Unknown
forrtl: severe (24): end-of-file during read, unit 1, file /home/eburovskiy/10yr_repro/10yr_repro_challenge_35/runs/m5.2L8/cnf_m5.2L8b4.25_4.dat
Image              PC                Routine            Line        Source             
a.i.out.mpi        000000000042E13B  Unknown               Unknown  Unknown
a.i.out.mpi        0000000000446F0F  Unknown               Unknown  Unknown
a.i.out.mpi        00000000004126AD  Unknown               Unknown  Unknown
a.i.out.mpi        000000000040C874  Unknown               Unknown  Unknown
a.i.out.mpi        0000000000405152  Unknown               Unknown  Unknown
libc-2.17.so       00007F503183E505  __libc_start_main     Unknown  Unknown
a.i.out.mpi        0000000000405069  Unknown               Unknown  Unknown
forrtl: severe (24): end-of-file during read, unit 1, file /home/eburovskiy/10yr_repro/10yr_repro_challenge_35/runs/m5.2L8/cnf_m5.2L8b4.25_7.dat
Image              PC                Routine            Line        Source             
a.i.out.mpi        000000000042E13B  Unknown               Unknown  Unknown
a.i.out.mpi        0000000000446F0F  Unknown               Unknown  Unknown
a.i.out.mpi        00000000004126AD  Unknown               Unknown  Unknown
a.i.out.mpi        000000000040C874  Unknown               Unknown  Unknown
a.i.out.mpi        0000000000405152  Unknown               Unknown  Unknown
libc-2.17.so       00007F39ADD34505  __libc_start_main     Unknown  Unknown
a.i.out.mpi        0000000000405069  Unknown               Unknown  Unknown

===================================================================================
=   BAD TERMINATION OF ONE OF YOUR APPLICATION PROCESSES
=   RANK 7 PID 115218 RUNNING AT cn-007
=   KILLED BY SIGNAL: 9 (Killed)
===================================================================================

===================================================================================
=   BAD TERMINATION OF ONE OF YOUR APPLICATION PROCESSES
=   RANK 8 PID 115219 RUNNING AT cn-007
=   KILLED BY SIGNAL: 9 (Killed)
===================================================================================

===================================================================================
=   BAD TERMINATION OF ONE OF YOUR APPLICATION PROCESSES
=   RANK 9 PID 115220 RUNNING AT cn-007
=   KILLED BY SIGNAL: 9 (Killed)
===================================================================================

===================================================================================
=   BAD TERMINATION OF ONE OF YOUR APPLICATION PROCESSES
=   RANK 10 PID 115221 RUNNING AT cn-007
=   KILLED BY SIGNAL: 9 (Killed)
===================================================================================

===================================================================================
=   BAD TERMINATION OF ONE OF YOUR APPLICATION PROCESSES
=   RANK 11 PID 115222 RUNNING AT cn-007
=   KILLED BY SIGNAL: 9 (Killed)
===================================================================================

===================================================================================
=   BAD TERMINATION OF ONE OF YOUR APPLICATION PROCESSES
=   RANK 12 PID 115223 RUNNING AT cn-007
=   KILLED BY SIGNAL: 9 (Killed)
===================================================================================

===================================================================================
=   BAD TERMINATION OF ONE OF YOUR APPLICATION PROCESSES
=   RANK 13 PID 115224 RUNNING AT cn-007
=   KILLED BY SIGNAL: 9 (Killed)
===================================================================================

===================================================================================
=   BAD TERMINATION OF ONE OF YOUR APPLICATION PROCESSES
=   RANK 14 PID 115225 RUNNING AT cn-007
=   KILLED BY SIGNAL: 9 (Killed)
===================================================================================

===================================================================================
=   BAD TERMINATION OF ONE OF YOUR APPLICATION PROCESSES
=   RANK 15 PID 115226 RUNNING AT cn-007
=   KILLED BY SIGNAL: 9 (Killed)
===================================================================================
